04:37:58.499 INFO [ch.ivyteam.log.LoggerFactory] [main] [] 
  LOAD LOG4J: Use user.dir configuration file: /home/vagrant/axon/configuration/log4jconfig.xml
04:37:59.258 INFO [ch.ivyteam.server] [main] [] 
          _                        _             
         / \  __  _____  _ __     (_)_   ___   _ 
        / _ \ \ \/ / _ \| '_ \    | \ \ / / | | |
       / ___ \ >  < (_) | | | | _ | |\ V /| |_| |
      /_/   \_/_/\_\___/|_| |_|(_)|_| \_/  \__, |
                                           |___/ 
  -----------------------------------------------------
  Axon.ivy Engine
  Version 7.0 Patch 6 Revision 59030
  Copyright (c) 2001-2017 AXON IVY AG
  -----------------------------------------------------
  Java Version 1.8.0_201 (Oracle Corporation)
  JVM Version 25.201-b09 (OpenJDK 64-Bit Server VM)
  -----------------------------------------------------
04:37:59.259 INFO [ch.ivyteam.server] [main] [] 
  Starting Axon.ivy Engine ...
04:37:59.762 INFO [ch.ivyteam.ivy.server] [main] [] 
  Demo Mode. All configurations made in demo mode are not persistent!
04:38:01.440 INFO [ch.ivyteam.ivy.server.persistency.db] [main] [] 
  System database [Connection 'jdbc:hsqldb:mem:AxonIvySystemDatabase' Database 'HSQL Database Engine' Version '1.8.0' User 'null'] opened
04:38:01.440 INFO [ch.ivyteam.db.jdbc.util] [main] [] 
  Set System Property "ch.ivyteam.db.jdbc.isvalidstatement.HSQL Database Engine Driver" to overwrite the is Valid Query for JDBC Driver ch.ivyteam.db.jdbc.isvalidstatement.HSQL Database Engine Driver
04:38:01.821 INFO [ch.ivyteam.ivy.server.persistency.db] [main] [] 
  System database [Connection 'jdbc:hsqldb:mem:AxonIvySystemDatabase' Database 'HSQL Database Engine' Version '1.8.0' User 'null'] opened
04:38:07.293 INFO [ch.ivyteam.ivy.server.internal] [main] [executionContext=SYSTEM] 
  [  0%] Initializing server
04:38:07.332 INFO [ch.ivyteam.ivy.server.internal] [main] [executionContext=SYSTEM] 
  [  1%] JMX service started [25ms]
04:38:07.337 INFO [ch.ivyteam.ivy.server.internal] [main] [executionContext=SYSTEM] 
  [  2%] Job Manager started [1ms]
04:38:07.338 INFO [ch.ivyteam.ivy.server.internal] [main] [executionContext=SYSTEM] 
  [  3%] Background Jobs Starter started [1ms]
04:38:07.656 INFO [ch.ivyteam.ivy.server.internal] [main] [executionContext=SYSTEM] 
  [  5%] Extension Manager started [306ms]
04:38:07.690 INFO [ch.ivyteam.ivy.server.persistency.db] [main] [executionContext=SYSTEM] 
  System database [Connection 'jdbc:hsqldb:mem:AxonIvySystemDatabase' Database 'HSQL Database Engine' Version '1.8.0' User 'null'] opened
04:38:07.702 INFO [ch.ivyteam.ivy.server.internal] [main] [executionContext=SYSTEM] 
  [  6%] Persistency Manager started [45ms]
04:38:07.703 INFO [ch.ivyteam.ivy.server.internal] [main] [executionContext=SYSTEM] 
  [  7%] Single server cluster manager started [0ms]
04:38:08.040 INFO [ch.ivyteam.ivy.server.internal] [main] [executionContext=SYSTEM] 
  [  8%] Security Manager started [329ms]
04:38:08.724 INFO [ch.ivyteam.ivy.application.internal] [main] [executionContext=SYSTEM] 
  Cleaning up session directory /home/vagrant/axon/system/applications/System/files/session
04:38:08.742 INFO [ch.ivyteam.ivy.server.internal] [main] [executionContext=SYSTEM] 
  [ 10%] Application Configuration Manager started [695ms]
04:38:08.750 INFO [ch.ivyteam.ivy.server.internal] [main] [executionContext=SYSTEM] 
  [ 11%] Resource Data Model Provider Manager started [1ms]
04:38:08.755 INFO [ch.ivyteam.ivy.server.internal] [main] [executionContext=SYSTEM] 
  [ 12%] Project Manager started [1ms]
04:38:08.764 INFO [ch.ivyteam.ivy.server.internal] [main] [executionContext=SYSTEM] 
  [ 14%] Role Configuration Manager started [8ms]
04:38:08.766 INFO [ch.ivyteam.ivy.server.internal] [main] [executionContext=SYSTEM] 
  [ 15%] Library Configuration Manager started [0ms]
04:38:08.766 INFO [ch.ivyteam.ivy.server.internal] [main] [executionContext=SYSTEM] 
  [ 16%] Rest Client Manager started [0ms]
04:38:08.767 INFO [ch.ivyteam.ivy.server.internal] [main] [executionContext=SYSTEM] 
  [ 17%] External Database Configuration Manager started [1ms]
04:38:08.772 INFO [ch.ivyteam.ivy.server.internal] [main] [executionContext=SYSTEM] 
  [ 19%] Override Manager started [1ms]
04:38:09.251 INFO [ch.ivyteam.ivy.server.internal] [async-starter-thread-1] [executionContext=SYSTEM] 
  [ 20%] Business Data Manager started [472ms]
04:38:09.520 INFO [ch.ivyteam.ivy.server.internal] [main] [executionContext=SYSTEM] 
  [ 21%] Process Manager started [742ms]
04:38:09.521 INFO [ch.ivyteam.ivy.server.internal] [main] [executionContext=SYSTEM] 
  [ 23%] Case Map Manager started [0ms]
04:38:09.608 INFO [ch.ivyteam.ivy.server.internal] [main] [executionContext=SYSTEM] 
  [ 24%] Java Configuration Manager started [85ms]
04:38:09.616 INFO [ch.ivyteam.ivy.server.internal] [main] [executionContext=SYSTEM] 
  [ 25%] IvyScript Manager started [6ms]
04:38:09.631 INFO [ch.ivyteam.ivy.server.internal] [main] [executionContext=SYSTEM] 
  [ 26%] Process Data Persistence Manager started [11ms]
04:38:09.632 INFO [ch.ivyteam.ivy.server.internal] [main] [executionContext=SYSTEM] 
  [ 28%] Global Variable Manager started [0ms]
04:38:11.262 INFO [org.apache.tomcat.util.net.NioSelectorPool] [main] [executionContext=SYSTEM] 
  Using a shared selector for servlet write/read
04:38:11.837 INFO [org.apache.catalina.loader.WebappLoader] [localhost-startStop-1] [] 
  Unknown loader org.eclipse.osgi.internal.loader.EquinoxClassLoader@4ef27d66[ch.ivyteam.ivy.server.exec:7.0.6.201807181026(id=62)] class org.eclipse.osgi.internal.loader.EquinoxClassLoader
04:38:15.547 INFO [org.apache.jasper.servlet.TldScanner] [localhost-startStop-1] [] 
  At least one JAR was scanned for TLDs yet contained no TLDs. Enable debug logging for this logger for a complete list of JARs that were scanned but no TLDs were found in them. Skipping unneeded JARs during scanning can improve startup time and JSP compilation time.
04:38:16.257 INFO [org.apache.myfaces.config.DefaultFacesConfigurationProvider] [localhost-startStop-1] [] 
  Reading standard config META-INF/standard-faces-config.xml
04:38:16.721 INFO [org.apache.myfaces.config.DefaultFacesConfigurationProvider] [localhost-startStop-1] [] 
  Reading config /WEB-INF/faces-config.xml
04:38:17.137 INFO [org.apache.myfaces.config.DefaultFacesConfigurationProvider] [localhost-startStop-1] [] 
  Reading config : jar:file:/home/vagrant/axon/webapps/ivy/WEB-INF/lib/ivy-primefaces.jar!/META-INF/faces-config.xml
04:38:17.158 INFO [org.apache.myfaces.config.DefaultFacesConfigurationProvider] [localhost-startStop-1] [] 
  Reading config : jar:file:/home/vagrant/axon/webapps/ivy/WEB-INF/lib/primefaces-extensions-6.1.1-SNAPSHOT.jar!/META-INF/faces-config.xml
04:38:17.187 INFO [org.apache.myfaces.config.DefaultFacesConfigurationProvider] [localhost-startStop-1] [] 
  Reading config : jar:file:/home/vagrant/axon/webapps/ivy/WEB-INF/lib/modena-theme-2.0.jar!/META-INF/faces-config.xml
04:38:17.188 INFO [org.apache.myfaces.config.DefaultFacesConfigurationProvider] [localhost-startStop-1] [] 
  Reading config : jar:file:/home/vagrant/axon/webapps/ivy/WEB-INF/lib/modena-ivy-theme.jar!/META-INF/faces-config.xml
04:38:17.196 INFO [org.apache.myfaces.config.DefaultFacesConfigurationProvider] [localhost-startStop-1] [] 
  Reading config : jar:file:/home/vagrant/axon/webapps/ivy/WEB-INF/lib/primefaces-6.1.1-SNAPSHOT.jar!/META-INF/faces-config.xml
04:38:17.464 INFO [org.apache.myfaces.spi.impl.DefaultInjectionProviderFactory] [localhost-startStop-1] [] 
  Using InjectionProvider org.apache.myfaces.spi.impl.AllAnnotationInjectionProvider
04:38:17.478 INFO [org.apache.myfaces.util.ExternalSpecifications] [localhost-startStop-1] [] 
  MyFaces CDI support disabled
04:38:17.500 INFO [org.apache.myfaces.config.annotation.DefaultLifecycleProviderFactory] [localhost-startStop-1] [] 
  Using LifecycleProvider org.apache.myfaces.config.annotation.AllAnnotationLifecycleProvider
04:38:17.612 INFO [org.hibernate.validator.internal.util.Version] [localhost-startStop-1] [] 
  HV000001: Hibernate Validator 5.4.1.Final
04:38:17.738 INFO [org.apache.myfaces.util.ExternalSpecifications] [localhost-startStop-1] [] 
  MyFaces Bean Validation support enabled
04:38:17.813 INFO [org.apache.myfaces.application.ApplicationImpl] [localhost-startStop-1] [] 
  Couldn't discover the current project stage, using Production
04:38:17.814 INFO [org.apache.myfaces.config.FacesConfigurator] [localhost-startStop-1] [] 
  Serialization provider : class org.apache.myfaces.shared_impl.util.serial.DefaultSerialFactory
04:38:17.825 INFO [org.primefaces.webapp.PostConstructApplicationEventListener] [localhost-startStop-1] [] 
  Running on PrimeFaces 6.1.1-SNAPSHOT
04:38:17.825 INFO [org.primefaces.extensions.application.PostConstructApplicationEventListener] [localhost-startStop-1] [] 
  Running on PrimeFaces Extensions 6.1
04:38:17.825 INFO [org.apache.myfaces.webapp.AbstractFacesInitializer] [localhost-startStop-1] [] 
  ServletContext initialized.
04:38:17.827 INFO [org.apache.myfaces.webapp.WebConfigParamsLogger] [localhost-startStop-1] [] 
  Tomahawk jar not available. Autoscrolling, DetectJavascript, AddResourceClass and CheckExtensionsFilter are disabled now.
04:38:17.827 INFO [org.apache.myfaces.webapp.WebConfigParamsLogger] [localhost-startStop-1] [] 
  Scanning for context init parameters not defined. It is not necessary to define them all into your web.xml, they are just provided here for informative purposes. To disable this messages set org.apache.myfaces.LOG_WEB_CONTEXT_PARAMS config param to 'false'
04:38:17.827 INFO [org.apache.myfaces.webapp.WebConfigParamsLogger] [localhost-startStop-1] [] 
  No context init parameter 'javax.faces.RESOURCE_EXCLUDES' found, using default value '.class .jsp .jspx .properties .xhtml .groovy'.
04:38:17.827 INFO [org.apache.myfaces.webapp.WebConfigParamsLogger] [localhost-startStop-1] [] 
  No context init parameter 'javax.faces.STATE_SAVING_METHOD' found, using default value 'server'.
04:38:17.827 INFO [org.apache.myfaces.webapp.WebConfigParamsLogger] [localhost-startStop-1] [] 
  No context init parameter 'javax.faces.FULL_STATE_SAVING_VIEW_IDS' found.
04:38:17.827 INFO [org.apache.myfaces.webapp.WebConfigParamsLogger] [localhost-startStop-1] [] 
  No context init parameter 'javax.faces.PARTIAL_STATE_SAVING' found, using default value 'true (false with 1.2 webapps)'.
04:38:17.827 INFO [org.apache.myfaces.webapp.WebConfigParamsLogger] [localhost-startStop-1] [] 
  No context init parameter 'javax.faces.SERIALIZE_SERVER_STATE' found, using default value 'false'.
04:38:17.827 INFO [org.apache.myfaces.webapp.WebConfigParamsLogger] [localhost-startStop-1] [] 
  No context init parameter 'javax.faces.DEFAULT_SUFFIX' found, using default value '.xhtml .view.xml .jsp'.
04:38:17.827 INFO [org.apache.myfaces.webapp.WebConfigParamsLogger] [localhost-startStop-1] [] 
  No context init parameter 'javax.faces.FACELETS_SUFFIX' found, using default value '.xhtml'.
04:38:17.827 INFO [org.apache.myfaces.webapp.WebConfigParamsLogger] [localhost-startStop-1] [] 
  No context init parameter 'javax.faces.FACELETS_VIEW_MAPPINGS' found.
04:38:17.827 INFO [org.apache.myfaces.webapp.WebConfigParamsLogger] [localhost-startStop-1] [] 
  No context init parameter 'DISABLE_FACELET_JSF_VIEWHANDLER' found.
04:38:17.828 INFO [org.apache.myfaces.webapp.WebConfigParamsLogger] [localhost-startStop-1] [] 
  No context init parameter 'javax.faces.FACELETS_BUFFER_SIZE' found, using default value '1024'.
04:38:17.828 INFO [org.apache.myfaces.webapp.WebConfigParamsLogger] [localhost-startStop-1] [] 
  No context init parameter 'javax.faces.FACELETS_DECORATORS' found.
04:38:17.828 INFO [org.apache.myfaces.webapp.WebConfigParamsLogger] [localhost-startStop-1] [] 
  No context init parameter 'javax.faces.FACELETS_REFRESH_PERIOD' found, using default value '-1'.
04:38:17.828 INFO [org.apache.myfaces.webapp.WebConfigParamsLogger] [localhost-startStop-1] [] 
  No context init parameter 'javax.faces.HONOR_CURRENT_COMPONENT_ATTRIBUTES' found, using default value 'false'.
04:38:17.829 INFO [org.apache.myfaces.webapp.WebConfigParamsLogger] [localhost-startStop-1] [] 
  No context init parameter 'javax.faces.DATETIMECONVERTER_DEFAULT_TIMEZONE_IS_SYSTEM_TIMEZONE' found, using default value 'false'.
04:38:17.829 INFO [org.apache.myfaces.webapp.WebConfigParamsLogger] [localhost-startStop-1] [] 
  No context init parameter 'org.apache.myfaces.ENUM_CONVERTER_ALLOW_STRING_PASSTROUGH' found, using default value 'false'.
04:38:17.829 INFO [org.apache.myfaces.webapp.WebConfigParamsLogger] [localhost-startStop-1] [] 
  No context init parameter 'javax.faces.validator.DISABLE_DEFAULT_BEAN_VALIDATOR' found, using default value 'true'.
04:38:17.829 INFO [org.apache.myfaces.webapp.WebConfigParamsLogger] [localhost-startStop-1] [] 
  No context init parameter 'javax.faces.CONFIG_FILES' found.
04:38:17.829 INFO [org.apache.myfaces.webapp.WebConfigParamsLogger] [localhost-startStop-1] [] 
  No context init parameter 'javax.faces.LIFECYCLE_ID' found.
04:38:17.829 INFO [org.apache.myfaces.webapp.WebConfigParamsLogger] [localhost-startStop-1] [] 
  No context init parameter 'org.apache.myfaces.ERROR_HANDLER' found.
04:38:17.829 INFO [org.apache.myfaces.webapp.WebConfigParamsLogger] [localhost-startStop-1] [] 
  No context init parameter 'org.apache.myfaces.CHECKED_VIEWID_CACHE_SIZE' found, using default value '500'.
04:38:17.829 INFO [org.apache.myfaces.webapp.WebConfigParamsLogger] [localhost-startStop-1] [] 
  No context init parameter 'org.apache.myfaces.CHECKED_VIEWID_CACHE_ENABLED' found, using default value 'true'.
04:38:17.829 INFO [org.apache.myfaces.webapp.WebConfigParamsLogger] [localhost-startStop-1] [] 
  No context init parameter 'org.apache.myfaces.PRETTY_HTML' found, using default value 'true'.
04:38:17.830 INFO [org.apache.myfaces.webapp.WebConfigParamsLogger] [localhost-startStop-1] [] 
  No context init parameter 'org.apache.myfaces.ALLOW_JAVASCRIPT' found, using default value 'true'.
04:38:17.830 INFO [org.apache.myfaces.webapp.WebConfigParamsLogger] [localhost-startStop-1] [] 
  No context init parameter 'org.apache.myfaces.CONFIG_REFRESH_PERIOD' found, using default value '2'.
04:38:17.830 INFO [org.apache.myfaces.webapp.WebConfigParamsLogger] [localhost-startStop-1] [] 
  No context init parameter 'org.apache.myfaces.VIEWSTATE_JAVASCRIPT' found, using default value 'false'.
04:38:17.830 INFO [org.apache.myfaces.webapp.WebConfigParamsLogger] [localhost-startStop-1] [] 
  No context init parameter 'org.apache.myfaces.RENDER_VIEWSTATE_ID' found, using default value 'true'.
04:38:17.830 INFO [org.apache.myfaces.webapp.WebConfigParamsLogger] [localhost-startStop-1] [] 
  No context init parameter 'org.apache.myfaces.STRICT_XHTML_LINKS' found, using default value 'true'.
04:38:17.830 INFO [org.apache.myfaces.webapp.WebConfigParamsLogger] [localhost-startStop-1] [] 
  No context init parameter 'org.apache.myfaces.RENDER_CLEAR_JAVASCRIPT_FOR_BUTTON' found, using default value 'false'.
04:38:17.830 INFO [org.apache.myfaces.webapp.WebConfigParamsLogger] [localhost-startStop-1] [] 
  No context init parameter 'org.apache.myfaces.RENDER_HIDDEN_FIELDS_FOR_LINK_PARAMS' found, using default value 'false'.
04:38:17.830 INFO [org.apache.myfaces.webapp.WebConfigParamsLogger] [localhost-startStop-1] [] 
  No context init parameter 'org.apache.myfaces.SAVE_FORM_SUBMIT_LINK_IE' found, using default value 'false'.
04:38:17.830 INFO [org.apache.myfaces.webapp.WebConfigParamsLogger] [localhost-startStop-1] [] 
  No context init parameter 'org.apache.myfaces.DELEGATE_FACES_SERVLET' found.
04:38:17.830 INFO [org.apache.myfaces.webapp.WebConfigParamsLogger] [localhost-startStop-1] [] 
  No context init parameter 'org.apache.myfaces.REFRESH_TRANSIENT_BUILD_ON_PSS' found, using default value 'auto'.
04:38:17.831 INFO [org.apache.myfaces.webapp.WebConfigParamsLogger] [localhost-startStop-1] [] 
  No context init parameter 'org.apache.myfaces.REFRESH_TRANSIENT_BUILD_ON_PSS_PRESERVE_STATE' found, using default value 'false'.
04:38:17.831 INFO [org.apache.myfaces.webapp.WebConfigParamsLogger] [localhost-startStop-1] [] 
  No context init parameter 'org.apache.myfaces.VALIDATE_XML' found.
04:38:17.831 INFO [org.apache.myfaces.webapp.WebConfigParamsLogger] [localhost-startStop-1] [] 
  No context init parameter 'org.apache.myfaces.WRAP_SCRIPT_CONTENT_WITH_XML_COMMENT_TAG' found, using default value 'false'.
04:38:17.831 INFO [org.apache.myfaces.webapp.WebConfigParamsLogger] [localhost-startStop-1] [] 
  No context init parameter 'org.apache.myfaces.RENDER_FORM_SUBMIT_SCRIPT_INLINE' found, using default value 'false'.
04:38:17.831 INFO [org.apache.myfaces.webapp.WebConfigParamsLogger] [localhost-startStop-1] [] 
  No context init parameter 'org.apache.myfaces.DEBUG_PHASE_LISTENER' found.
04:38:17.831 INFO [org.apache.myfaces.webapp.WebConfigParamsLogger] [localhost-startStop-1] [] 
  No context init parameter 'org.apache.myfaces.STRICT_JSF_2_REFRESH_TARGET_AJAX' found, using default value 'false'.
04:38:17.831 INFO [org.apache.myfaces.webapp.WebConfigParamsLogger] [localhost-startStop-1] [] 
  No context init parameter 'org.apache.myfaces.STRICT_JSF_2_CC_EL_RESOLVER' found, using default value 'false'.
04:38:17.831 INFO [org.apache.myfaces.webapp.WebConfigParamsLogger] [localhost-startStop-1] [] 
  No context init parameter 'org.apache.myfaces.DEFAULT_RESPONSE_WRITER_CONTENT_TYPE_MODE' found, using default value 'text/html'.
04:38:17.831 INFO [org.apache.myfaces.webapp.WebConfigParamsLogger] [localhost-startStop-1] [] 
  No context init parameter 'org.apache.myfaces.VIEW_UNIQUE_IDS_CACHE_ENABLED' found, using default value 'true'.
04:38:17.831 INFO [org.apache.myfaces.webapp.WebConfigParamsLogger] [localhost-startStop-1] [] 
  No context init parameter 'org.apache.myfaces.COMPONENT_UNIQUE_IDS_CACHE_SIZE' found, using default value '100'.
04:38:17.831 INFO [org.apache.myfaces.webapp.WebConfigParamsLogger] [localhost-startStop-1] [] 
  No context init parameter 'org.apache.myfaces.SUPPORT_JSP_AND_FACES_EL' found, using default value 'true'.
04:38:17.831 INFO [org.apache.myfaces.webapp.WebConfigParamsLogger] [localhost-startStop-1] [] 
  No context init parameter 'org.apache.myfaces.GAE_JSF_JAR_FILES' found.
04:38:17.831 INFO [org.apache.myfaces.webapp.WebConfigParamsLogger] [localhost-startStop-1] [] 
  No context init parameter 'org.apache.myfaces.GAE_JSF_ANNOTATIONS_JAR_FILES' found.
04:38:17.832 INFO [org.apache.myfaces.webapp.WebConfigParamsLogger] [localhost-startStop-1] [] 
  No context init parameter 'org.apache.myfaces.STRICT_JSF_2_VIEW_NOT_FOUND' found, using default value 'false'.
04:38:17.832 INFO [org.apache.myfaces.webapp.WebConfigParamsLogger] [localhost-startStop-1] [] 
  No context init parameter 'org.apache.myfaces.EARLY_FLUSH_ENABLED' found, using default value 'false'.
04:38:17.832 INFO [org.apache.myfaces.webapp.WebConfigParamsLogger] [localhost-startStop-1] [] 
  No context init parameter 'org.apache.myfaces.CDI_MANAGED_CONVERTERS_ENABLED' found, using default value 'false'.
04:38:17.832 INFO [org.apache.myfaces.webapp.WebConfigParamsLogger] [localhost-startStop-1] [] 
  No context init parameter 'org.apache.myfaces.CDI_MANAGED_VALIDATORS_ENABLED' found, using default value 'false'.
04:38:17.832 INFO [org.apache.myfaces.webapp.WebConfigParamsLogger] [localhost-startStop-1] [] 
  No context init parameter 'org.apache.myfaces.STRICT_JSF_2_FACELETS_COMPATIBILITY' found, using default value 'false'.
04:38:17.832 INFO [org.apache.myfaces.webapp.WebConfigParamsLogger] [localhost-startStop-1] [] 
  No context init parameter 'org.apache.myfaces.RENDER_FORM_VIEW_STATE_AT_BEGIN' found, using default value 'false'.
04:38:17.832 INFO [org.apache.myfaces.webapp.WebConfigParamsLogger] [localhost-startStop-1] [] 
  No context init parameter 'org.apache.myfaces.FLASH_SCOPE_DISABLED' found, using default value 'false'.
04:38:17.832 INFO [org.apache.myfaces.webapp.WebConfigParamsLogger] [localhost-startStop-1] [] 
  No context init parameter 'org.apache.myfaces.NUMBER_OF_VIEWS_IN_SESSION' found, using default value '20'.
04:38:17.832 INFO [org.apache.myfaces.webapp.WebConfigParamsLogger] [localhost-startStop-1] [] 
  No context init parameter 'org.apache.myfaces.NUMBER_OF_SEQUENTIAL_VIEWS_IN_SESSION' found, using default value '4'.
04:38:17.833 INFO [org.apache.myfaces.webapp.WebConfigParamsLogger] [localhost-startStop-1] [] 
  No context init parameter 'org.apache.myfaces.NUMBER_OF_FLASH_TOKENS_IN_SESSION' found.
04:38:17.833 INFO [org.apache.myfaces.webapp.WebConfigParamsLogger] [localhost-startStop-1] [] 
  No context init parameter 'org.apache.myfaces.FACES_FLOW_CLIENT_WINDOW_IDS_IN_SESSION' found.
04:38:17.833 INFO [org.apache.myfaces.webapp.WebConfigParamsLogger] [localhost-startStop-1] [] 
  No context init parameter 'org.apache.myfaces.SUPPORT_EL_3_IMPORT_HANDLER' found, using default value 'false'.
04:38:17.833 INFO [org.apache.myfaces.webapp.WebConfigParamsLogger] [localhost-startStop-1] [] 
  No context init parameter 'org.apache.myfaces.RESOURCE_MAX_TIME_EXPIRES' found, using default value '604800000'.
04:38:17.834 INFO [org.apache.myfaces.webapp.WebConfigParamsLogger] [localhost-startStop-1] [] 
  No context init parameter 'org.apache.myfaces.RESOURCE_HANDLER_CACHE_SIZE' found, using default value '500'.
04:38:17.834 INFO [org.apache.myfaces.webapp.WebConfigParamsLogger] [localhost-startStop-1] [] 
  No context init parameter 'org.apache.myfaces.RESOURCE_HANDLER_CACHE_ENABLED' found, using default value 'true'.
04:38:17.834 INFO [org.apache.myfaces.webapp.WebConfigParamsLogger] [localhost-startStop-1] [] 
  No context init parameter 'org.apache.myfaces.USE_ENCRYPTION' found, using default value 'true'.
04:38:17.834 INFO [org.apache.myfaces.webapp.WebConfigParamsLogger] [localhost-startStop-1] [] 
  No context init parameter 'org.apache.myfaces.SECRET.CACHE' found.
04:38:17.834 INFO [org.apache.myfaces.webapp.WebConfigParamsLogger] [localhost-startStop-1] [] 
  No context init parameter 'org.apache.myfaces.ALGORITHM.IV' found.
04:38:17.834 INFO [org.apache.myfaces.webapp.WebConfigParamsLogger] [localhost-startStop-1] [] 
  No context init parameter 'org.apache.myfaces.SERIAL_FACTORY' found.
04:38:17.834 INFO [org.apache.myfaces.webapp.WebConfigParamsLogger] [localhost-startStop-1] [] 
  No context init parameter 'org.apache.myfaces.COMPRESS_STATE_IN_CLIENT' found, using default value 'false'.
04:38:17.834 INFO [org.apache.myfaces.webapp.WebConfigParamsLogger] [localhost-startStop-1] [] 
  No context init parameter 'org.apache.myfaces.MAC_SECRET.CACHE' found.
04:38:17.834 INFO [org.apache.myfaces.webapp.WebConfigParamsLogger] [localhost-startStop-1] [] 
  No context init parameter 'javax.faces.PROJECT_STAGE' found, using default value 'Production'.
04:38:17.834 INFO [org.apache.myfaces.webapp.WebConfigParamsLogger] [localhost-startStop-1] [] 
  No context init parameter 'org.apache.myfaces.LAZY_LOAD_CONFIG_OBJECTS' found, using default value 'true'.
04:38:17.834 INFO [org.apache.myfaces.webapp.WebConfigParamsLogger] [localhost-startStop-1] [] 
  No context init parameter 'org.apache.myfaces.STRICT_JSF_2_ALLOW_SLASH_LIBRARY_NAME' found, using default value 'false'.
04:38:17.835 INFO [org.apache.myfaces.webapp.WebConfigParamsLogger] [localhost-startStop-1] [] 
  No context init parameter 'org.apache.myfaces.RESOURCE_BUFFER_SIZE' found, using default value '2048'.
04:38:17.835 INFO [org.apache.myfaces.webapp.WebConfigParamsLogger] [localhost-startStop-1] [] 
  No context init parameter 'org.apache.myfaces.RANDOM_KEY_IN_CSRF_SESSION_TOKEN' found, using default value 'none'.
04:38:17.835 INFO [org.apache.myfaces.webapp.WebConfigParamsLogger] [localhost-startStop-1] [] 
  No context init parameter 'org.apache.myfaces.RANDOM_KEY_IN_CSRF_SESSION_TOKEN_LENGTH' found, using default value '16'.
04:38:17.835 INFO [org.apache.myfaces.webapp.WebConfigParamsLogger] [localhost-startStop-1] [] 
  No context init parameter 'org.apache.myfaces.RANDOM_KEY_IN_CSRF_SESSION_TOKEN_SECURE_RANDOM_CLASS' found.
04:38:17.835 INFO [org.apache.myfaces.webapp.WebConfigParamsLogger] [localhost-startStop-1] [] 
  No context init parameter 'org.apache.myfaces.RANDOM_KEY_IN_CSRF_SESSION_TOKEN_SECURE_RANDOM_PROVIDER' found.
04:38:17.835 INFO [org.apache.myfaces.webapp.WebConfigParamsLogger] [localhost-startStop-1] [] 
  No context init parameter 'org.apache.myfaces.RANDOM_KEY_IN_CSRF_SESSION_TOKEN_SECURE_RANDOM_ALGORITM' found, using default value 'SHA1PRNG'.
04:38:17.835 INFO [org.apache.myfaces.webapp.WebConfigParamsLogger] [localhost-startStop-1] [] 
  No context init parameter 'org.apache.myfaces.CLIENT_VIEW_STATE_TIMEOUT' found, using default value '0'.
04:38:17.835 INFO [org.apache.myfaces.webapp.WebConfigParamsLogger] [localhost-startStop-1] [] 
  No context init parameter 'org.apache.myfaces.COMPRESS_STATE_IN_SESSION' found, using default value 'true'.
04:38:17.835 INFO [org.apache.myfaces.webapp.WebConfigParamsLogger] [localhost-startStop-1] [] 
  No context init parameter 'org.apache.myfaces.CACHE_OLD_VIEWS_IN_SESSION_MODE' found, using default value 'off'.
04:38:17.836 INFO [org.apache.myfaces.webapp.WebConfigParamsLogger] [localhost-startStop-1] [] 
  No context init parameter 'org.apache.myfaces.USE_FLASH_SCOPE_PURGE_VIEWS_IN_SESSION' found, using default value 'false'.
04:38:17.836 INFO [org.apache.myfaces.webapp.WebConfigParamsLogger] [localhost-startStop-1] [] 
  No context init parameter 'org.apache.myfaces.RANDOM_KEY_IN_VIEW_STATE_SESSION_TOKEN' found, using default value 'none'.
04:38:17.836 INFO [org.apache.myfaces.webapp.WebConfigParamsLogger] [localhost-startStop-1] [] 
  No context init parameter 'org.apache.myfaces.RANDOM_KEY_IN_VIEW_STATE_SESSION_TOKEN_LENGTH' found, using default value '8'.
04:38:17.836 INFO [org.apache.myfaces.webapp.WebConfigParamsLogger] [localhost-startStop-1] [] 
  No context init parameter 'org.apache.myfaces.RANDOM_KEY_IN_VIEW_STATE_SESSION_TOKEN_SECURE_RANDOM_CLASS' found.
04:38:17.836 INFO [org.apache.myfaces.webapp.WebConfigParamsLogger] [localhost-startStop-1] [] 
  No context init parameter 'org.apache.myfaces.RANDOM_KEY_IN_VIEW_STATE_SESSION_TOKEN_SECURE_RANDOM_PROVIDER' found.
04:38:17.836 INFO [org.apache.myfaces.webapp.WebConfigParamsLogger] [localhost-startStop-1] [] 
  No context init parameter 'org.apache.myfaces.RANDOM_KEY_IN_VIEW_STATE_SESSION_TOKEN_SECURE_RANDOM_ALGORITM' found, using default value 'SHA1PRNG'.
04:38:17.836 INFO [org.apache.myfaces.webapp.WebConfigParamsLogger] [localhost-startStop-1] [] 
  No context init parameter 'facelets.LIBRARIES' found.
04:38:17.836 INFO [org.apache.myfaces.webapp.WebConfigParamsLogger] [localhost-startStop-1] [] 
  No context init parameter 'org.apache.myfaces.VALIDATE' found, using default value 'false'.
04:38:17.836 INFO [org.apache.myfaces.webapp.WebConfigParamsLogger] [localhost-startStop-1] [] 
  No context init parameter 'org.apache.myfaces.annotation.USE_CDI_FOR_ANNOTATION_SCANNING' found.
04:38:17.836 INFO [org.apache.myfaces.webapp.WebConfigParamsLogger] [localhost-startStop-1] [] 
  No context init parameter 'org.apache.myfaces.annotation.SCAN_PACKAGES' found.
04:38:17.836 INFO [org.apache.myfaces.webapp.WebConfigParamsLogger] [localhost-startStop-1] [] 
  No context init parameter 'org.apache.myfaces.config.annotation.LifecycleProvider' found.
04:38:17.837 INFO [org.apache.myfaces.webapp.WebConfigParamsLogger] [localhost-startStop-1] [] 
  No context init parameter 'org.apache.myfaces.INITIALIZE_SKIP_JAR_FACES_CONFIG_SCAN' found, using default value 'false'.
04:38:17.837 INFO [org.apache.myfaces.webapp.WebConfigParamsLogger] [localhost-startStop-1] [] 
  No context init parameter 'org.apache.myfaces.EL_RESOLVER_COMPARATOR' found.
04:38:17.837 INFO [org.apache.myfaces.webapp.WebConfigParamsLogger] [localhost-startStop-1] [] 
  No context init parameter 'org.apache.myfaces.EL_RESOLVER_PREDICATE' found.
04:38:17.837 INFO [org.apache.myfaces.webapp.WebConfigParamsLogger] [localhost-startStop-1] [] 
  No context init parameter 'org.apache.myfaces.DEFAULT_WINDOW_MODE' found, using default value 'url'.
04:38:17.837 INFO [org.apache.myfaces.webapp.WebConfigParamsLogger] [localhost-startStop-1] [] 
  No context init parameter 'org.apache.myfaces.CHECKED_VIEWID_CACHE_SIZE' found, using default value '500'.
04:38:17.837 INFO [org.apache.myfaces.webapp.WebConfigParamsLogger] [localhost-startStop-1] [] 
  No context init parameter 'org.apache.myfaces.CHECKED_VIEWID_CACHE_ENABLED' found, using default value 'true'.
04:38:17.837 INFO [org.apache.myfaces.webapp.WebConfigParamsLogger] [localhost-startStop-1] [] 
  No context init parameter 'org.apache.myfaces.ERROR_TEMPLATE_RESOURCE' found, using default value 'META-INF/rsc/myfaces-dev-error.xml'.
04:38:17.837 INFO [org.apache.myfaces.webapp.WebConfigParamsLogger] [localhost-startStop-1] [] 
  No context init parameter 'org.apache.myfaces.DEBUG_TEMPLATE_RESOURCE' found, using default value 'META-INF/rsc/myfaces-dev-debug.xml'.
04:38:17.837 INFO [org.apache.myfaces.webapp.WebConfigParamsLogger] [localhost-startStop-1] [] 
  No context init parameter 'org.apache.myfaces.ERROR_HANDLING' found, using default value 'false, on Development Project stage: true'.
04:38:17.837 INFO [org.apache.myfaces.webapp.WebConfigParamsLogger] [localhost-startStop-1] [] 
  No context init parameter 'org.apache.myfaces.HANDLE_STATE_CACHING_MECHANICS' found, using default value 'true'.
04:38:17.837 INFO [org.apache.myfaces.webapp.WebConfigParamsLogger] [localhost-startStop-1] [] 
  No context init parameter 'org.apache.myfaces.AUTOCOMPLETE_OFF_VIEW_STATE' found, using default value 'true'.
04:38:17.838 INFO [org.apache.myfaces.webapp.WebConfigParamsLogger] [localhost-startStop-1] [] 
  No context init parameter 'org.apache.myfaces.USE_MULTIPLE_JS_FILES_FOR_JSF_UNCOMPRESSED_JS' found, using default value 'false'.
04:38:17.838 INFO [org.apache.myfaces.webapp.WebConfigParamsLogger] [localhost-startStop-1] [] 
  No context init parameter 'org.apache.myfaces.JSF_JS_MODE' found, using default value 'normal'.
04:38:17.838 INFO [org.apache.myfaces.webapp.WebConfigParamsLogger] [localhost-startStop-1] [] 
  No context init parameter 'org.apache.myfaces.TEMPORAL_RESOURCEHANDLER_CACHE_ENABLED' found, using default value 'false'.
04:38:17.838 INFO [org.apache.myfaces.webapp.WebConfigParamsLogger] [localhost-startStop-1] [] 
  No context init parameter 'org.apache.myfaces.SERVICE_PROVIDER_FINDER' found.
04:38:17.838 INFO [org.apache.myfaces.webapp.WebConfigParamsLogger] [localhost-startStop-1] [] 
  No context init parameter 'org.apache.myfaces.spi.InjectionProvider' found.
04:38:17.838 INFO [org.apache.myfaces.webapp.WebConfigParamsLogger] [localhost-startStop-1] [] 
  No context init parameter 'javax.faces.DISABLE_FACELET_JSF_VIEWHANDLER' found, using default value 'false'.
04:38:17.838 INFO [org.apache.myfaces.webapp.WebConfigParamsLogger] [localhost-startStop-1] [] 
  No context init parameter 'org.apache.myfaces.SAVE_STATE_WITH_VISIT_TREE_ON_PSS' found, using default value 'true'.
04:38:17.838 INFO [org.apache.myfaces.webapp.WebConfigParamsLogger] [localhost-startStop-1] [] 
  No context init parameter 'org.apache.myfaces.CHECK_ID_PRODUCTION_MODE' found, using default value 'auto'.
04:38:17.838 INFO [org.apache.myfaces.webapp.WebConfigParamsLogger] [localhost-startStop-1] [] 
  No context init parameter 'facelets.BUFFER_SIZE' found.
04:38:17.838 INFO [org.apache.myfaces.webapp.WebConfigParamsLogger] [localhost-startStop-1] [] 
  No context init parameter 'facelets.REFRESH_PERIOD' found, using default value '-1'.
04:38:17.839 INFO [org.apache.myfaces.webapp.WebConfigParamsLogger] [localhost-startStop-1] [] 
  No context init parameter 'facelets.RESOURCE_RESOLVER' found.
04:38:17.839 INFO [org.apache.myfaces.webapp.WebConfigParamsLogger] [localhost-startStop-1] [] 
  No context init parameter 'org.apache.myfaces.MARK_INITIAL_STATE_WHEN_APPLY_BUILD_VIEW' found, using default value 'false'.
04:38:17.839 INFO [org.apache.myfaces.webapp.WebConfigParamsLogger] [localhost-startStop-1] [] 
  No context init parameter 'facelets.DECORATORS' found.
04:38:17.839 INFO [org.apache.myfaces.webapp.WebConfigParamsLogger] [localhost-startStop-1] [] 
  No context init parameter 'facelets.SKIP_COMMENTS' found.
04:38:17.839 INFO [org.apache.myfaces.webapp.WebConfigParamsLogger] [localhost-startStop-1] [] 
  No context init parameter 'org.apache.myfaces.WRAP_TAG_EXCEPTIONS_AS_CONTEXT_AWARE' found, using default value 'true'.
04:38:17.839 INFO [org.apache.myfaces.webapp.WebConfigParamsLogger] [localhost-startStop-1] [] 
  No context init parameter 'org.apache.myfaces.CACHE_EL_EXPRESSIONS' found, using default value 'noCache'.
04:38:17.839 INFO [org.apache.myfaces.webapp.WebConfigParamsLogger] [localhost-startStop-1] [] 
  No context init parameter 'org.apache.myfaces.VIEW_POOL_MAX_POOL_SIZE' found, using default value '5'.
04:38:17.839 INFO [org.apache.myfaces.webapp.WebConfigParamsLogger] [localhost-startStop-1] [] 
  No context init parameter 'org.apache.myfaces.VIEW_POOL_MAX_DYNAMIC_PARTIAL_LIMIT' found, using default value '2'.
04:38:17.839 INFO [org.apache.myfaces.webapp.WebConfigParamsLogger] [localhost-startStop-1] [] 
  No context init parameter 'org.apache.myfaces.VIEW_POOL_ENTRY_MODE' found, using default value 'soft'.
04:38:17.839 INFO [org.apache.myfaces.webapp.WebConfigParamsLogger] [localhost-startStop-1] [] 
  No context init parameter 'org.apache.myfaces.VIEW_POOL_DEFERRED_NAVIGATION' found, using default value 'false'.
04:38:17.840 INFO [org.apache.myfaces.webapp.WebConfigParamsLogger] [localhost-startStop-1] [] 
  No context init parameter 'org.apache.myfaces.validator.BEAN_BEFORE_JSF_VALIDATION' found, using default value 'false'.
04:38:17.840 INFO [org.apache.myfaces.webapp.WebConfigParamsLogger] [localhost-startStop-1] [] 
  No context init parameter 'org.apache.myfaces.EXPRESSION_FACTORY' found.
04:38:17.840 INFO [org.apache.myfaces.webapp.WebConfigParamsLogger] [localhost-startStop-1] [] 
  No context init parameter 'org.apache.myfaces.INITIALIZE_ALWAYS_STANDALONE' found, using default value 'false'.
04:38:17.840 INFO [org.apache.myfaces.webapp.WebConfigParamsLogger] [localhost-startStop-1] [] 
  No context init parameter 'org.apache.myfaces.LOG_WEB_CONTEXT_PARAMS' found, using default value 'auto'.
04:38:17.840 INFO [org.apache.myfaces.webapp.WebConfigParamsLogger] [localhost-startStop-1] [] 
  No context init parameter 'org.apache.myfaces.FACES_INITIALIZER' found.
04:38:17.840 INFO [org.apache.myfaces.webapp.WebConfigParamsLogger] [localhost-startStop-1] [] 
  No context init parameter 'org.apache.myfaces.FACES_INIT_PLUGINS' found.
04:38:17.841 INFO [org.apache.myfaces.util.ExternalSpecifications] [localhost-startStop-1] [] 
  MyFaces Unified EL support enabled
04:38:17.843 INFO [org.apache.myfaces.view.facelets.ViewPoolProcessor] [localhost-startStop-1] [] 
  org.apache.myfaces.CACHE_EL_EXPRESSIONS web config parameter is set to "noCache". To enable view pooling this param must be set to "alwaysRecompile". View Pooling disabled.
04:38:17.847 INFO [org.apache.myfaces.webapp.StartupServletContextListener] [localhost-startStop-1] [] 
  MyFaces Core has started, it took [1830] ms.
04:38:18.045 INFO [org.apache.cxf.transport.servlet.AbstractCXFServlet] [localhost-startStop-1] [] 
  Load the bus without application context
04:38:18.252 INFO [org.springframework.beans.factory.support.DefaultListableBeanFactory] [localhost-startStop-1] [] 
  Overriding bean definition for bean 'org.apache.cxf.transport.http.policy.HTTPClientAssertionBuilder': replacing [Generic bean: class [org.apache.cxf.transport.http.policy.HTTPClientAssertionBuilder]; scope=; abstract=false; lazyInit=true; autowireMode=0; dependencyCheck=0; autowireCandidate=true; primary=false; factoryBeanName=null; factoryMethodName=null; initMethodName=null; destroyMethodName=null; defined in URL [bundleresource://72.fwk610984013:6/META-INF/cxf/cxf-extension-http.fixml]] with [Generic bean: class [org.apache.cxf.transport.http.policy.HTTPClientAssertionBuilder]; scope=; abstract=false; lazyInit=true; autowireMode=0; dependencyCheck=0; autowireCandidate=true; primary=false; factoryBeanName=null; factoryMethodName=null; initMethodName=null; destroyMethodName=null; defined in URL [bundleresource://72.fwk610984013:6/META-INF/cxf/cxf-extension-http.fixml]]
04:38:18.252 INFO [org.springframework.beans.factory.support.DefaultListableBeanFactory] [localhost-startStop-1] [] 
  Overriding bean definition for bean 'org.apache.cxf.transport.http.policy.HTTPServerAssertionBuilder': replacing [Generic bean: class [org.apache.cxf.transport.http.policy.HTTPServerAssertionBuilder]; scope=; abstract=false; lazyInit=true; autowireMode=0; dependencyCheck=0; autowireCandidate=true; primary=false; factoryBeanName=null; factoryMethodName=null; initMethodName=null; destroyMethodName=null; defined in URL [bundleresource://72.fwk610984013:6/META-INF/cxf/cxf-extension-http.fixml]] with [Generic bean: class [org.apache.cxf.transport.http.policy.HTTPServerAssertionBuilder]; scope=; abstract=false; lazyInit=true; autowireMode=0; dependencyCheck=0; autowireCandidate=true; primary=false; factoryBeanName=null; factoryMethodName=null; initMethodName=null; destroyMethodName=null; defined in URL [bundleresource://72.fwk610984013:6/META-INF/cxf/cxf-extension-http.fixml]]
04:38:18.253 INFO [org.springframework.beans.factory.support.DefaultListableBeanFactory] [localhost-startStop-1] [] 
  Overriding bean definition for bean 'org.apache.cxf.transport.http.policy.NoOpPolicyInterceptorProvider': replacing [Generic bean: class [org.apache.cxf.transport.http.policy.NoOpPolicyInterceptorProvider]; scope=; abstract=false; lazyInit=true; autowireMode=0; dependencyCheck=0; autowireCandidate=true; primary=false; factoryBeanName=null; factoryMethodName=null; initMethodName=null; destroyMethodName=null; defined in URL [bundleresource://72.fwk610984013:6/META-INF/cxf/cxf-extension-http.fixml]] with [Generic bean: class [org.apache.cxf.transport.http.policy.NoOpPolicyInterceptorProvider]; scope=; abstract=false; lazyInit=true; autowireMode=0; dependencyCheck=0; autowireCandidate=true; primary=false; factoryBeanName=null; factoryMethodName=null; initMethodName=null; destroyMethodName=null; defined in URL [bundleresource://72.fwk610984013:6/META-INF/cxf/cxf-extension-http.fixml]]
04:38:18.253 INFO [org.springframework.beans.factory.support.DefaultListableBeanFactory] [localhost-startStop-1] [] 
  Overriding bean definition for bean 'org.apache.cxf.transport.http.ClientOnlyHTTPTransportFactory': replacing [Generic bean: class [org.apache.cxf.transport.http.ClientOnlyHTTPTransportFactory]; scope=; abstract=false; lazyInit=true; autowireMode=0; dependencyCheck=0; autowireCandidate=true; primary=false; factoryBeanName=null; factoryMethodName=null; initMethodName=null; destroyMethodName=null; defined in URL [bundleresource://72.fwk610984013:6/META-INF/cxf/cxf-extension-http.fixml]] with [Generic bean: class [org.apache.cxf.transport.http.ClientOnlyHTTPTransportFactory]; scope=; abstract=false; lazyInit=true; autowireMode=0; dependencyCheck=0; autowireCandidate=true; primary=false; factoryBeanName=null; factoryMethodName=null; initMethodName=null; destroyMethodName=null; defined in URL [bundleresource://72.fwk610984013:6/META-INF/cxf/cxf-extension-http.fixml]]
04:38:18.414 INFO [org.springframework.beans.factory.support.DefaultListableBeanFactory] [localhost-startStop-1] [] 
  Pre-instantiating singletons in org.springframework.beans.factory.support.DefaultListableBeanFactory@20a859b7: defining beans [cxf,org.apache.cxf.bus.spring.BusApplicationListener,org.apache.cxf.bus.spring.BusWiringBeanFactoryPostProcessor,org.apache.cxf.bus.spring.Jsr250BeanPostProcessor,org.apache.cxf.bus.spring.BusExtensionPostProcessor,org.apache.cxf.resource.ResourceManager,org.apache.cxf.configuration.Configurer,org.apache.cxf.binding.BindingFactoryManager,org.apache.cxf.transport.DestinationFactoryManager,org.apache.cxf.transport.ConduitInitiatorManager,org.apache.cxf.wsdl.WSDLManager,org.apache.cxf.phase.PhaseManager,org.apache.cxf.workqueue.WorkQueueManager,org.apache.cxf.buslifecycle.BusLifeCycleManager,org.apache.cxf.endpoint.ServerRegistry,org.apache.cxf.endpoint.ServerLifeCycleManager,org.apache.cxf.endpoint.ClientLifeCycleManager,org.apache.cxf.transports.http.QueryHandlerRegistry,org.apache.cxf.endpoint.EndpointResolverRegistry,org.apache.cxf.headers.HeaderManager,org.apache.cxf.catalog.OASISCatalogManager,org.apache.cxf.service.factory.FactoryBeanListenerManager,org.apache.cxf.endpoint.ServiceContractResolverRegistry,org.apache.cxf.binding.corba.CorbaBindingFactory,org.apache.cxf.binding.corba.wsdl.WSDLExtensionRegister#0,org.apache.cxf.jaxws.context.WebServiceContextResourceResolver,org.apache.cxf.jaxws.context.WebServiceContextImpl,org.apache.cxf.binding.soap.SoapBindingFactory,org.apache.cxf.binding.soap.SoapTransportFactory,org.apache.cxf.binding.soap.customEditorConfigurer,org.apache.cxf.binding.xml.XMLBindingFactory,org.apache.cxf.transport.http.policy.HTTPClientAssertionBuilder,org.apache.cxf.transport.http.policy.HTTPServerAssertionBuilder,org.apache.cxf.transport.http.policy.NoOpPolicyInterceptorProvider,org.apache.cxf.transport.http.ClientOnlyHTTPTransportFactory,org.apache.cxf.ws.addressing.policy.AddressingAssertionBuilder,org.apache.cxf.ws.addressing.policy.AddressingPolicyInterceptorProvider,org.apache.cxf.ws.addressing.policy.UsingAddressingAssertionBuilder,org.apache.cxf.javascript.JavascriptQueryHandler,org.apache.cxf.transport.local.LocalTransportFactory,org.apache.cxf.management.InstrumentationManager,org.apache.cxf.transport.http_jetty.JettyHTTPTransportFactory,org.apache.cxf.transport.jms.JMSTransportFactory,org.apache.cxf.binding.object.ObjectBindingFactory,org.apache.cxf.binding.http.HttpBindingFactory,org.apache.cxf.wstx_msv_validation.WoodstoxValidationImpl,org.apache.cxf.ws.security.policy.WSSecurityPolicyLoader,org.apache.cxf.ws.policy.AssertionBuilderRegistry,org.apache.cxf.ws.policy.PolicyInterceptorProviderRegistry,org.apache.cxf.ws.policy.attachment.external.DomainExpressionBuilderRegistry,org.apache.cxf.ws.policy.attachment.external.EndpointReferenceDomainExpressionBuilder,org.apache.cxf.ws.policy.PolicyBuilder,org.apache.cxf.ws.policy.PolicyEngine,org.apache.cxf.ws.policy.attachment.wsdl11.Wsdl11AttachmentPolicyProvider,org.apache.cxf.ws.policy.attachment.ServiceModelPolicyProvider,org.apache.cxf.ws.policy.mtom.MTOMAssertionBuilder,org.apache.cxf.ws.policy.mtom.MTOMPolicyInterceptorProvider,org.apache.cxf.ws.rm.RMManager,org.apache.cxf.ws.rm.policy.RMPolicyInterceptorProvider,org.apache.cxf.ws.rm.policy.RMAssertionBuilder]; root of factory hierarchy
04:38:18.597 INFO [org.apache.cxf.transport.servlet.AbstractCXFServlet] [localhost-startStop-1] [] 
  Replaced the http destination factory with servlet transport factory
04:38:18.649 INFO [ch.ivyteam.ivy.server.internal] [main] [executionContext=SYSTEM] 
  [ 29%] Web Server (Apache Tomcat/8.5.20) started [9006ms]
04:38:18.652 INFO [ch.ivyteam.ivy.server.internal] [main] [executionContext=SYSTEM] 
  [ 30%] Data Class Manager started [1ms]
04:38:18.661 INFO [ch.ivyteam.ivy.server.internal] [main] [executionContext=SYSTEM] 
  [ 32%] User Dialog Manager started [8ms]
04:38:18.665 INFO [ch.ivyteam.ivy.server.internal] [main] [executionContext=SYSTEM] 
  [ 33%] Rich Dialog Manager started [1ms]
04:38:18.737 INFO [ch.ivyteam.ivy.server.internal] [main] [executionContext=SYSTEM] 
  [ 34%] Content Manager started [57ms]
04:38:18.744 INFO [ch.ivyteam.ivy.server.internal] [main] [executionContext=SYSTEM] 
  [ 35%] Configuration Manager started [4ms]
04:38:18.745 INFO [ch.ivyteam.ivy.server.internal] [main] [executionContext=SYSTEM] 
  [ 37%] Web Service Configuration Manager started [0ms]
04:38:18.746 INFO [ch.ivyteam.ivy.server.internal] [main] [executionContext=SYSTEM] 
  [ 38%] View Technology Execution Manager started [1ms]
04:38:18.772 INFO [ch.ivyteam.ivy.server.internal] [main] [executionContext=SYSTEM] 
  [ 39%] Rich Dialog Execution Manager started [23ms]
04:38:18.819 INFO [ch.ivyteam.ivy.server.internal] [main] [executionContext=SYSTEM] 
  [ 41%] Rich Dialog Component Manager started [39ms]
04:38:18.853 INFO [ch.ivyteam.ivy.server.internal] [main] [executionContext=SYSTEM] 
  [ 42%] External Database Manager started [30ms]
04:38:18.855 INFO [ch.ivyteam.ivy.server.internal] [main] [executionContext=SYSTEM] 
  [ 43%] Process Data Persistence Configuration Manager started [1ms]
